0	1	mikroCARM.exe -MSF -DBG -pMK64FN1M0XXX12 -RA -BIN -DL -SSA -O11111114 -fo120 -N"D:\Clicks_git\UART_1-Wire_Click\SW\example\c\ARM\KINETIS\Click_UART1Wire_KINETIS.mcpar" -SP"C:\Users\Public\Documents\Mikroelektronika\mikroC PRO for ARM\Defs\" -SP"C:\Users\Public\Documents\Mikroelektronika\mikroC PRO for ARM\Uses\NXP M4\" -SP"D:\Clicks_git\UART_1-Wire_Click\SW\example\c\ARM\KINETIS\" -SP"D:\Clicks_git\UART_1-Wire_Click\SW\library\HAL\" -SP"D:\Clicks_git\UART_1-Wire_Click\SW\library\" -SP"C:\Users\Public\Documents\Mikroelektronika\mikroC PRO for ARM\Packages\mikroBUS Board Definition API\Uses\" -IP"C:\Users\Public\Documents\Mikroelektronika\mikroC PRO for ARM\Uses\NXP M4\" -IP"D:\Clicks_git\UART_1-Wire_Click\SW\example\c\ARM\KINETIS\" -IP"D:\Clicks_git\UART_1-Wire_Click\SW\library\" -IP"D:\Clicks_git\UART_1-Wire_Click\SW\library\HAL\" -IP"C:\Users\Public\Documents\Mikroelektronika\mikroC PRO for ARM\Packages\mikroBUS Board Definition API\Uses\" "Click_UART1Wire_KINETIS.c" "__uart1wire_driver.c" "__Lib_Math.emcl" "__Lib_MathDouble.emcl" "__Lib_Delays.emcl" "__Lib_System.emcl" "__Lib_GPIO_MK64_Defs.emcl" "__Lib_GPIO.emcl" "__Lib_CString.emcl" "__Lib_Conversions.emcl" "__Lib_UART_012345.emcl" "docking_station_HEXIWEAR.emcl" "Click_UART1Wire.pld"	 
diagnostics: 0	122	Compilation Started	MK64FN1M0XXX12.c
diagnostics: 71921	123	Compiled Successfully	MK64FN1M0XXX12.c
diagnostics: 0	122	Compilation Started	__Lib_Delays.c
diagnostics: 119	123	Compiled Successfully	__Lib_Delays.c
hint: 66	1164	Variable 'cycles_div_by_10' has been eliminated by optimizer	__Lib_Delays.c
hint: 88	1164	Variable 'NumberOfCyc' has been eliminated by optimizer	__Lib_Delays.c
hint: 105	1164	Variable 'NumberOfCyc' has been eliminated by optimizer	__Lib_Delays.c
diagnostics: 0	122	Compilation Started	__lib_gpio.h
diagnostics: 809	123	Compiled Successfully	__Lib_GPIO_MK64_Defs.c
diagnostics: 0	122	Compilation Started	stdint.h
diagnostics: 348	123	Compiled Successfully	docking_station_HEXIWEAR.c
diagnostics: 0	122	Compilation Started	stdint.h
hint: 0	1004	interrupt handler (UART_RX_ISR at 0x0033)	Click_UART1Wire_KINETIS.c
diagnostics: 115	123	Compiled Successfully	Click_UART1Wire_KINETIS.c
diagnostics: 0	122	Compilation Started	stdint.h
diagnostics: 128	123	Compiled Successfully	__uart1wire_driver.c
hint: 323	1164	Variable 'tmp' has been eliminated by optimizer	__uart1wire_driver.c
hint: 135	1164	Variable 'tmp' has been eliminated by optimizer	__uart1wire_driver.c
diagnostics: 0	127	All files Compiled in 78 ms	 
hint: 0	1144	Used RX: 16 (100%)   Free RX: 0 (0%)	Used RX: 16 (100%)   Free RX: 0 (0%)
hint: 0	1144	Static RAM (bytes): 153   Dynamic RAM (bytes): 130913	Static RAM (bytes): 153   Dynamic RAM (bytes): 130913
hint: 0	1144	Used ROM (bytes): 7673 (1%)  Free ROM (bytes): 1040903 (99%)	Used ROM (bytes): 7673 (1%)  Free ROM (bytes): 1040903 (99%)
diagnostics: 0	125	Project Linked Successfully	Click_UART1Wire_KINETIS.mcpar
diagnostics: 0	128	Linked in 438 ms	 
diagnostics: 0	129	Project 'Click_UART1Wire_KINETIS.mcpar' completed: 1922 ms	 
diagnostics: 0	103	Finished successfully: 01 jun 2018, 16:37:58	Click_UART1Wire_KINETIS.mcpar
